build/outputs/logs/manifest-merger-debug-report.txt
-- Merging decision tree log ---
manifest
ADDED from AndroidManifest.xml:2:1
	package
		ADDED from AndroidManifest.xml:3:5
		INJECTED from AndroidManifest.xml:0:0
		INJECTED from AndroidManifest.xml:0:0
	android:versionName
		ADDED from AndroidManifest.xml:5:5
	android:versionCode
		ADDED from AndroidManifest.xml:4:5
		INJECTED from AndroidManifest.xml:0:0
		INJECTED from AndroidManifest.xml:0:0
	xmlns:android
		ADDED from AndroidManifest.xml:2:11
uses-sdk
ADDED from AndroidManifest.xml:7:5
MERGED from com.android.support:support-v4:22.2.1:20:5
MERGED from 健康小助手完整代码 - 练习1:hellocharts-library:unspecified:7:5
MERGED from com.android.support:support-v4:22.2.1:20:5
MERGED from com.android.support:appcompat-v7:22.2.1:20:5
MERGED from com.android.support:support-v4:22.2.1:20:5
	android:targetSdkVersion
		ADDED from AndroidManifest.xml:9:9
		INJECTED from AndroidManifest.xml:0:0
		INJECTED from AndroidManifest.xml:0:0
	android:minSdkVersion
		ADDED from AndroidManifest.xml:8:9
		INJECTED from AndroidManifest.xml:0:0
		INJECTED from AndroidManifest.xml:0:0
uses-permission#android.permission.BLUETOOTH_ADMIN
ADDED from AndroidManifest.xml:10:5
	android:name
		ADDED from AndroidManifest.xml:10:22
uses-permission#android.permission.BLUETOOTH
ADDED from AndroidManifest.xml:11:5
	android:name
		ADDED from AndroidManifest.xml:11:22
uses-permission#android.permission.MOUNT_UNMOUNT_FILESYSTEMS
ADDED from AndroidManifest.xml:12:5
	android:name
		ADDED from AndroidManifest.xml:12:22
uses-permission#android.permission.WRITE_EXTERNAL_STORAGE
ADDED from AndroidManifest.xml:13:5
	android:name
		ADDED from AndroidManifest.xml:13:22
application
ADDED from AndroidManifest.xml:18:5
MERGED from com.android.support:support-v4:22.2.1:22:5
MERGED from com.android.support:support-v4:22.2.1:22:5
MERGED from com.android.support:appcompat-v7:22.2.1:22:5
MERGED from com.android.support:support-v4:22.2.1:22:5
	android:label
		ADDED from AndroidManifest.xml:21:9
	android:allowBackup
		ADDED from AndroidManifest.xml:19:9
	android:icon
		ADDED from AndroidManifest.xml:20:9
	android:theme
		ADDED from AndroidManifest.xml:22:9
	android:name
		ADDED from AndroidManifest.xml:23:9
activity#zju.bme.bp.MainActivity
ADDED from AndroidManifest.xml:25:9
	android:label
		ADDED from AndroidManifest.xml:27:13
	android:name
		ADDED from AndroidManifest.xml:26:13
intent-filter#android.intent.action.MAIN+android.intent.category.LAUNCHER
ADDED from AndroidManifest.xml:28:13
action#android.intent.action.MAIN
ADDED from AndroidManifest.xml:29:17
	android:name
		ADDED from AndroidManifest.xml:29:25
category#android.intent.category.LAUNCHER
ADDED from AndroidManifest.xml:31:17
	android:name
		ADDED from AndroidManifest.xml:31:27
activity#zju.bme.bp.add
ADDED from AndroidManifest.xml:37:9
	android:name
		ADDED from AndroidManifest.xml:37:19
activity#zju.bme.bp.stats
ADDED from AndroidManifest.xml:38:9
	android:name
		ADDED from AndroidManifest.xml:38:19
activity#zju.bme.bp.add_bp
ADDED from AndroidManifest.xml:39:9
	android:name
		ADDED from AndroidManifest.xml:39:19
activity#zju.bme.bp.add_weight
ADDED from AndroidManifest.xml:40:9
	android:name
		ADDED from AndroidManifest.xml:40:19
activity#zju.bme.bp.ecg
ADDED from AndroidManifest.xml:41:9
	android:name
		ADDED from AndroidManifest.xml:41:19
activity#zju.bme.bp.cal_linechart
ADDED from AndroidManifest.xml:42:9
	android:name
		ADDED from AndroidManifest.xml:42:19
activity#zju.bme.bp.bmi
ADDED from AndroidManifest.xml:43:9
	android:name
		ADDED from AndroidManifest.xml:43:19
activity#zju.bme.bp.report
ADDED from AndroidManifest.xml:44:9
	android:name
		ADDED from AndroidManifest.xml:44:19
activity#zju.bme.bp.bp_report
ADDED from AndroidManifest.xml:45:9
	android:name
		ADDED from AndroidManifest.xml:45:19
activity#zju.bme.bp.weight_report
ADDED from AndroidManifest.xml:46:9
	android:name
		ADDED from AndroidManifest.xml:46:19
activity#come.android.game2048.main_game
ADDED from AndroidManifest.xml:47:9
	android:name
		ADDED from AndroidManifest.xml:47:19
activity#zju.bme.bp.add_exercise
ADDED from AndroidManifest.xml:48:9
	android:name
		ADDED from AndroidManifest.xml:48:19
activity#zju.bme.bp.pie_chart
ADDED from AndroidManifest.xml:49:9
	android:name
		ADDED from AndroidManifest.xml:49:19
activity#org.achartengine.GraphicalActivity
ADDED from AndroidManifest.xml:50:9
	android:name
		ADDED from AndroidManifest.xml:50:19
activity#zju.bme.bp.ex_report
ADDED from AndroidManifest.xml:51:9
	android:name
		ADDED from AndroidManifest.xml:51:19
activity#zju.bme.bp.bp_linechart
ADDED from AndroidManifest.xml:52:9
	android:name
		ADDED from AndroidManifest.xml:52:19
activity#zju.bme.bp.weight_linechart
ADDED from AndroidManifest.xml:53:9
	android:name
		ADDED from AndroidManifest.xml:53:19
activity#zju.bme.bp.weight_more2
ADDED from AndroidManifest.xml:54:9
	android:name
		ADDED from AndroidManifest.xml:54:19
activity#zju.bme.bp.weight_more1
ADDED from AndroidManifest.xml:55:9
	android:name
		ADDED from AndroidManifest.xml:55:19
activity#zju.bme.bp.key_stats
ADDED from AndroidManifest.xml:56:9
	android:name
		ADDED from AndroidManifest.xml:56:19
activity#com.test.btclient.BTClient
ADDED from AndroidManifest.xml:57:9
	android:name
		ADDED from AndroidManifest.xml:57:19
activity#com.test.btclient.readdata
ADDED from AndroidManifest.xml:58:10
	android:name
		ADDED from AndroidManifest.xml:58:20
activity#com.test.btclient.DeviceListActivity
ADDED from AndroidManifest.xml:59:6
	android:label
		ADDED from AndroidManifest.xml:60:16
	android:configChanges
		ADDED from AndroidManifest.xml:62:19
	android:theme
		ADDED from AndroidManifest.xml:61:19
	android:name
		ADDED from AndroidManifest.xml:59:16
activity#com.test.btclient.DataDisplay
ADDED from AndroidManifest.xml:63:3
	android:label
		ADDED from AndroidManifest.xml:64:19
	android:name
		ADDED from AndroidManifest.xml:63:13
activity#com.test.btclient.SearchActivity
ADDED from AndroidManifest.xml:65:3
	android:label
		ADDED from AndroidManifest.xml:66:19
	android:name
		ADDED from AndroidManifest.xml:65:13
activity#zju.bme.bp.health_information
ADDED from AndroidManifest.xml:67:6
	android:name
		ADDED from AndroidManifest.xml:67:16
activity#zju.bme.bp.bp_info
ADDED from AndroidManifest.xml:68:6
	android:name
		ADDED from AndroidManifest.xml:68:16
activity#zju.bme.bp.weight_info
ADDED from AndroidManifest.xml:69:6
	android:name
		ADDED from AndroidManifest.xml:69:16
activity#zju.bme.bp.bp_treat_more
ADDED from AndroidManifest.xml:70:6
	android:name
		ADDED from AndroidManifest.xml:70:16
activity#zju.bme.bp.add_medicine
ADDED from AndroidManifest.xml:71:6
	android:name
		ADDED from AndroidManifest.xml:71:16
activity#zju.bme.bp.md_report
ADDED from AndroidManifest.xml:72:6
	android:name
		ADDED from AndroidManifest.xml:72:16
activity#zju.bme.bp.bp_prevent_more
ADDED from AndroidManifest.xml:73:6
	android:name
		ADDED from AndroidManifest.xml:73:16
activity#zju.bme.bp.exercise_info
ADDED from AndroidManifest.xml:74:6
	android:name
		ADDED from AndroidManifest.xml:74:16
activity#zju.bme.bp.save
ADDED from AndroidManifest.xml:75:6
	android:name
		ADDED from AndroidManifest.xml:75:16
activity#zju.bme.bp.q1
ADDED from AndroidManifest.xml:76:6
	android:name
		ADDED from AndroidManifest.xml:76:16
activity#zju.bme.bp.q2
ADDED from AndroidManifest.xml:77:6
	android:name
		ADDED from AndroidManifest.xml:77:16
activity#zju.bme.bp.q3
ADDED from AndroidManifest.xml:78:6
	android:name
		ADDED from AndroidManifest.xml:78:16
activity#zju.bme.bp.q4
ADDED from AndroidManifest.xml:79:6
	android:name
		ADDED from AndroidManifest.xml:79:16
activity#zju.bme.bp.q5
ADDED from AndroidManifest.xml:80:6
	android:name
		ADDED from AndroidManifest.xml:80:16
activity#zju.bme.bp.q6
ADDED from AndroidManifest.xml:81:6
	android:name
		ADDED from AndroidManifest.xml:81:16
activity#zju.bme.bp.q7
ADDED from AndroidManifest.xml:82:6
	android:name
		ADDED from AndroidManifest.xml:82:16
activity#zju.bme.bp.q8
ADDED from AndroidManifest.xml:83:6
	android:name
		ADDED from AndroidManifest.xml:83:16
activity#zju.bme.bp.q9
ADDED from AndroidManifest.xml:84:6
	android:name
		ADDED from AndroidManifest.xml:84:16
activity#zju.bme.bp.s1
ADDED from AndroidManifest.xml:85:6
	android:name
		ADDED from AndroidManifest.xml:85:16
activity#zju.bme.bp.s2
ADDED from AndroidManifest.xml:86:6
	android:name
		ADDED from AndroidManifest.xml:86:16
activity#zju.bme.bp.s3
ADDED from AndroidManifest.xml:87:6
	android:name
		ADDED from AndroidManifest.xml:87:16
activity#zju.bme.bp.s4
ADDED from AndroidManifest.xml:88:6
	android:name
		ADDED from AndroidManifest.xml:88:16
activity#zju.bme.bp.s5
ADDED from AndroidManifest.xml:89:6
	android:name
		ADDED from AndroidManifest.xml:89:16
activity#zju.bme.bp.s6
ADDED from AndroidManifest.xml:90:6
	android:name
		ADDED from AndroidManifest.xml:90:16
activity#zju.bme.bp.s7
ADDED from AndroidManifest.xml:91:6
	android:name
		ADDED from AndroidManifest.xml:91:16
activity#zju.bme.bp.s8
ADDED from AndroidManifest.xml:92:6
	android:name
		ADDED from AndroidManifest.xml:92:16
activity#zju.bme.bp.s9
ADDED from AndroidManifest.xml:93:6
	android:name
		ADDED from AndroidManifest.xml:93:16
activity#zju.bme.bp.s10
ADDED from AndroidManifest.xml:94:6
	android:name
		ADDED from AndroidManifest.xml:94:16
activity#zju.bme.bp.s11
ADDED from AndroidManifest.xml:95:6
	android:name
		ADDED from AndroidManifest.xml:95:16
activity#zju.bme.bp.s12
ADDED from AndroidManifest.xml:96:6
	android:name
		ADDED from AndroidManifest.xml:96:16
activity#zju.bme.bp.s13
ADDED from AndroidManifest.xml:97:6
	android:name
		ADDED from AndroidManifest.xml:97:16
activity#zju.bme.bp.s14
ADDED from AndroidManifest.xml:98:6
	android:name
		ADDED from AndroidManifest.xml:98:16
activity#zju.bme.bp.s15
ADDED from AndroidManifest.xml:99:6
	android:name
		ADDED from AndroidManifest.xml:99:16
activity#zju.bme.bp.s16
ADDED from AndroidManifest.xml:100:6
	android:name
		ADDED from AndroidManifest.xml:100:16
activity#zju.bme.bp.s17
ADDED from AndroidManifest.xml:101:6
	android:name
		ADDED from AndroidManifest.xml:101:16
activity#zju.bme.bp.s18
ADDED from AndroidManifest.xml:102:6
	android:name
		ADDED from AndroidManifest.xml:102:16
activity#zju.bme.bp.s19
ADDED from AndroidManifest.xml:103:6
	android:name
		ADDED from AndroidManifest.xml:103:16
activity#zju.bme.bp.s20
ADDED from AndroidManifest.xml:104:6
	android:name
		ADDED from AndroidManifest.xml:104:16
activity#zju.bme.bp.s21
ADDED from AndroidManifest.xml:105:6
	android:name
		ADDED from AndroidManifest.xml:105:16